{
  "0 debug pnpm:scope": {
    "selected": 1
  },
  "1 error pnpm": {
    "errno": 1,
    "code": "ELIFECYCLE",
    "pkgid": "vueuse-temporals@1.0.0",
    "stage": "build",
    "script": "unbuild",
    "pkgname": "vueuse-temporals",
    "err": {
      "name": "pnpm",
      "message": "vueuse-temporals@1.0.0 build: `unbuild`\nExit status 1",
      "code": "ELIFECYCLE",
      "stack": "pnpm: vueuse-temporals@1.0.0 build: `unbuild`\nExit status 1\n    at EventEmitter.<anonymous> (C:\\Users\\MOON\\AppData\\Roaming\\npm\\pnpm-global\\5\\node_modules\\.pnpm\\pnpm@6.26.1\\node_modules\\pnpm\\dist\\pnpm.cjs:105378:20)\n    at EventEmitter.emit (events.js:375:28)\n    at ChildProcess.<anonymous> (C:\\Users\\MOON\\AppData\\Roaming\\npm\\pnpm-global\\5\\node_modules\\.pnpm\\pnpm@6.26.1\\node_modules\\pnpm\\dist\\pnpm.cjs:91965:18)\n    at ChildProcess.emit (events.js:375:28)\n    at maybeClose (internal/child_process.js:1055:16)\n    at Process.ChildProcess._handle.onexit (internal/child_process.js:288:5)"
    }
  },
  "2 warn pnpm:global": " Local package.json exists, but node_modules missing, did you mean to install?"
}